# JRE version: OpenJDK Runtime Environment (11.0.13) (build 11.0.13+0-b1751.21-8125866)
# Java VM: OpenJDK 64-Bit Server VM (11.0.13+0-b1751.21-8125866, mixed mode, tiered, compressed oops, g1 gc, windows-amd64)
Heap:
 garbage-first heap   total 260096K, used 78388K [0x00000000a0000000, 0x0000000100000000)
  region size 1024K, 61 young (62464K), 2 survivors (2048K)
 Metaspace       used 29033K, capacity 29670K, committed 29872K, reserved 1075200K
  class space    used 3808K, capacity 4077K, committed 4096K, reserved 1048576K
GC Heap History (6 events):
Event: 0.731 GC heap before
{Heap before GC invocations=0 (full 0):
 garbage-first heap   total 260096K, used 29696K [0x00000000a0000000, 0x0000000100000000)
  region size 1024K, 24 young (24576K), 0 survivors (0K)
 Metaspace       used 9784K, capacity 9960K, committed 10112K, reserved 1058816K
  class space    used 1006K, capacity 1069K, committed 1152K, reserved 1048576K
}
Event: 0.735 GC heap after
{Heap after GC invocations=1 (full 0):
 garbage-first heap   total 260096K, used 9228K [0x00000000a0000000, 0x0000000100000000)
  region size 1024K, 3 young (3072K), 3 survivors (3072K)
 Metaspace       used 9784K, capacity 9960K, committed 10112K, reserved 1058816K
  class space    used 1006K, capacity 1069K, committed 1152K, reserved 1048576K
}
Event: 2.680 GC heap before
{Heap before GC invocations=1 (full 0):
 garbage-first heap   total 260096K, used 108556K [0x00000000a0000000, 0x0000000100000000)
  region size 1024K, 101 young (103424K), 3 survivors (3072K)
 Metaspace       used 20699K, capacity 21184K, committed 21296K, reserved 1069056K
  class space    used 2502K, capacity 2666K, committed 2688K, reserved 1048576K
}
Event: 2.691 GC heap after
{Heap after GC invocations=2 (full 0):
 garbage-first heap   total 260096K, used 17730K [0x00000000a0000000, 0x0000000100000000)
  region size 1024K, 12 young (12288K), 12 survivors (12288K)
 Metaspace       used 20699K, capacity 21184K, committed 21296K, reserved 1069056K
  class space    used 2502K, capacity 2666K, committed 2688K, reserved 1048576K
}
Event: 3.051 GC heap before
{Heap before GC invocations=3 (full 0):
 garbage-first heap   total 260096K, used 46402K [0x00000000a0000000, 0x0000000100000000)
  region size 1024K, 40 young (40960K), 12 survivors (12288K)
 Metaspace       used 23625K, capacity 24183K, committed 24368K, reserved 1071104K
  class space    used 2955K, capacity 3155K, committed 3200K, reserved 1048576K
}
Event: 3.058 GC heap after
{Heap after GC invocations=4 (full 0):
 garbage-first heap   total 260096K, used 18996K [0x00000000a0000000, 0x0000000100000000)
  region size 1024K, 2 young (2048K), 2 survivors (2048K)
 Metaspace       used 23625K, capacity 24183K, committed 24368K, reserved 1071104K
  class space    used 2955K, capacity 3155K, committed 3200K, reserved 1048576K
}

