# JRE version: OpenJDK Runtime Environment (11.0.13) (build 11.0.13+0-b1751.21-8125866)
# Java VM: OpenJDK 64-Bit Server VM (11.0.13+0-b1751.21-8125866, mixed mode, tiered, compressed oops, g1 gc, windows-amd64)
Heap:
 garbage-first heap   total 260096K, used 132631K [0x00000000a0000000, 0x0000000100000000)
  region size 1024K, 62 young (63488K), 11 survivors (11264K)
 Metaspace       used 79570K, capacity 82379K, committed 82440K, reserved 1120256K
  class space    used 10299K, capacity 11237K, committed 11264K, reserved 1048576K
GC Heap History (20 events):
Event: 0.847 GC heap before
{Heap before GC invocations=0 (full 0):
 garbage-first heap   total 260096K, used 29696K [0x00000000a0000000, 0x0000000100000000)
  region size 1024K, 24 young (24576K), 0 survivors (0K)
 Metaspace       used 9793K, capacity 9960K, committed 10112K, reserved 1058816K
  class space    used 1006K, capacity 1069K, committed 1152K, reserved 1048576K
}
Event: 0.859 GC heap after
{Heap after GC invocations=1 (full 0):
 garbage-first heap   total 260096K, used 9122K [0x00000000a0000000, 0x0000000100000000)
  region size 1024K, 3 young (3072K), 3 survivors (3072K)
 Metaspace       used 9793K, capacity 9960K, committed 10112K, reserved 1058816K
  class space    used 1006K, capacity 1069K, committed 1152K, reserved 1048576K
}
Event: 3.449 GC heap before
{Heap before GC invocations=1 (full 0):
 garbage-first heap   total 260096K, used 107426K [0x00000000a0000000, 0x0000000100000000)
  region size 1024K, 100 young (102400K), 3 survivors (3072K)
 Metaspace       used 20704K, capacity 21162K, committed 21296K, reserved 1069056K
  class space    used 2496K, capacity 2658K, committed 2688K, reserved 1048576K
}
Event: 3.464 GC heap after
{Heap after GC invocations=2 (full 0):
 garbage-first heap   total 260096K, used 16859K [0x00000000a0000000, 0x0000000100000000)
  region size 1024K, 11 young (11264K), 11 survivors (11264K)
 Metaspace       used 20704K, capacity 21162K, committed 21296K, reserved 1069056K
  class space    used 2496K, capacity 2658K, committed 2688K, reserved 1048576K
}
Event: 3.958 GC heap before
{Heap before GC invocations=3 (full 0):
 garbage-first heap   total 260096K, used 51675K [0x00000000a0000000, 0x0000000100000000)
  region size 1024K, 45 young (46080K), 11 survivors (11264K)
 Metaspace       used 23949K, capacity 24444K, committed 24752K, reserved 1071104K
  class space    used 3017K, capacity 3221K, committed 3328K, reserved 1048576K
}
Event: 3.967 GC heap after
{Heap after GC invocations=4 (full 0):
 garbage-first heap   total 260096K, used 18116K [0x00000000a0000000, 0x0000000100000000)
  region size 1024K, 2 young (2048K), 2 survivors (2048K)
 Metaspace       used 23949K, capacity 24444K, committed 24752K, reserved 1071104K
  class space    used 3017K, capacity 3221K, committed 3328K, reserved 1048576K
}
Event: 5.615 GC heap before
{Heap before GC invocations=4 (full 0):
 garbage-first heap   total 260096K, used 99012K [0x00000000a0000000, 0x0000000100000000)
  region size 1024K, 82 young (83968K), 2 survivors (2048K)
 Metaspace       used 35034K, capacity 35780K, committed 35920K, reserved 1081344K
  class space    used 4466K, capacity 4774K, committed 4864K, reserved 1048576K
}
Event: 5.626 GC heap after
{Heap after GC invocations=5 (full 0):
 garbage-first heap   total 260096K, used 21969K [0x00000000a0000000, 0x0000000100000000)
  region size 1024K, 6 young (6144K), 6 survivors (6144K)
 Metaspace       used 35034K, capacity 35780K, committed 35920K, reserved 1081344K
  class space    used 4466K, capacity 4774K, committed 4864K, reserved 1048576K
}
Event: 7.303 GC heap before
{Heap before GC invocations=6 (full 0):
 garbage-first heap   total 260096K, used 132561K [0x00000000a0000000, 0x0000000100000000)
  region size 1024K, 111 young (113664K), 6 survivors (6144K)
 Metaspace       used 43729K, capacity 44711K, committed 44880K, reserved 1089536K
  class space    used 5459K, capacity 5839K, committed 5888K, reserved 1048576K
}
Event: 7.321 GC heap after
{Heap after GC invocations=7 (full 0):
 garbage-first heap   total 260096K, used 29251K [0x00000000a0000000, 0x0000000100000000)
  region size 1024K, 13 young (13312K), 13 survivors (13312K)
 Metaspace       used 43729K, capacity 44711K, committed 44880K, reserved 1089536K
  class space    used 5459K, capacity 5839K, committed 5888K, reserved 1048576K
}
Event: 9.465 GC heap before
{Heap before GC invocations=7 (full 0):
 garbage-first heap   total 260096K, used 165443K [0x00000000a0000000, 0x0000000100000000)
  region size 1024K, 137 young (140288K), 13 survivors (13312K)
 Metaspace       used 50929K, capacity 52409K, committed 52688K, reserved 1095680K
  class space    used 6391K, capacity 6931K, committed 7040K, reserved 1048576K
}
Event: 9.479 GC heap after
{Heap after GC invocations=8 (full 0):
 garbage-first heap   total 260096K, used 48288K [0x00000000a0000000, 0x0000000100000000)
  region size 1024K, 17 young (17408K), 17 survivors (17408K)
 Metaspace       used 50929K, capacity 52409K, committed 52688K, reserved 1095680K
  class space    used 6391K, capacity 6931K, committed 7040K, reserved 1048576K
}
Event: 10.404 GC heap before
{Heap before GC invocations=8 (full 0):
 garbage-first heap   total 260096K, used 106656K [0x00000000a0000000, 0x0000000100000000)
  region size 1024K, 75 young (76800K), 17 survivors (17408K)
 Metaspace       used 58458K, capacity 60065K, committed 60296K, reserved 1101824K
  class space    used 7352K, capacity 7946K, committed 8064K, reserved 1048576K
}
Event: 10.426 GC heap after
{Heap after GC invocations=9 (full 0):
 garbage-first heap   total 260096K, used 51458K [0x00000000a0000000, 0x0000000100000000)
  region size 1024K, 4 young (4096K), 4 survivors (4096K)
 Metaspace       used 58458K, capacity 60065K, committed 60296K, reserved 1101824K
  class space    used 7352K, capacity 7946K, committed 8064K, reserved 1048576K
}
Event: 12.368 GC heap before
{Heap before GC invocations=10 (full 0):
 garbage-first heap   total 260096K, used 175362K [0x00000000a0000000, 0x0000000100000000)
  region size 1024K, 125 young (128000K), 4 survivors (4096K)
 Metaspace       used 67082K, capacity 68781K, committed 69000K, reserved 1110016K
  class space    used 8444K, capacity 9048K, committed 9088K, reserved 1048576K
}
Event: 12.378 GC heap after
{Heap after GC invocations=11 (full 0):
 garbage-first heap   total 260096K, used 58423K [0x00000000a0000000, 0x0000000100000000)
  region size 1024K, 11 young (11264K), 11 survivors (11264K)
 Metaspace       used 67082K, capacity 68781K, committed 69000K, reserved 1110016K
  class space    used 8444K, capacity 9048K, committed 9088K, reserved 1048576K
}
Event: 13.809 GC heap before
{Heap before GC invocations=11 (full 0):
 garbage-first heap   total 260096K, used 185399K [0x00000000a0000000, 0x0000000100000000)
  region size 1024K, 133 young (136192K), 11 survivors (11264K)
 Metaspace       used 71214K, capacity 73215K, committed 73352K, reserved 1114112K
  class space    used 9040K, capacity 9729K, committed 9856K, reserved 1048576K
}
Event: 13.824 GC heap after
{Heap after GC invocations=12 (full 0):
 garbage-first heap   total 260096K, used 71744K [0x00000000a0000000, 0x0000000100000000)
  region size 1024K, 17 young (17408K), 17 survivors (17408K)
 Metaspace       used 71214K, capacity 73215K, committed 73352K, reserved 1114112K
  class space    used 9040K, capacity 9729K, committed 9856K, reserved 1048576K
}
Event: 15.625 GC heap before
{Heap before GC invocations=12 (full 0):
 garbage-first heap   total 260096K, used 189504K [0x00000000a0000000, 0x0000000100000000)
  region size 1024K, 133 young (136192K), 17 survivors (17408K)
 Metaspace       used 77440K, capacity 79715K, committed 80008K, reserved 1118208K
  class space    used 9988K, capacity 10825K, committed 10880K, reserved 1048576K
}
Event: 15.647 GC heap after
{Heap after GC invocations=13 (full 0):
 garbage-first heap   total 260096K, used 82455K [0x00000000a0000000, 0x0000000100000000)
  region size 1024K, 11 young (11264K), 11 survivors (11264K)
 Metaspace       used 77440K, capacity 79715K, committed 80008K, reserved 1118208K
  class space    used 9988K, capacity 10825K, committed 10880K, reserved 1048576K
}

