# JRE version: OpenJDK Runtime Environment (11.0.13) (build 11.0.13+0-b1751.21-8125866)
# Java VM: OpenJDK 64-Bit Server VM (11.0.13+0-b1751.21-8125866, mixed mode, tiered, compressed oops, g1 gc, windows-amd64)
Heap:
 garbage-first heap   total 270336K, used 159160K [0x00000000a0000000, 0x0000000100000000)
  region size 1024K, 9 young (9216K), 3 survivors (3072K)
 Metaspace       used 119460K, capacity 123815K, committed 124168K, reserved 1157120K
  class space    used 14886K, capacity 16279K, committed 16384K, reserved 1048576K
GC Heap History (20 events):
Event: 33.769 GC heap before
{Heap before GC invocations=19 (full 0):
 garbage-first heap   total 260096K, used 211828K [0x00000000a0000000, 0x0000000100000000)
  region size 1024K, 91 young (93184K), 11 survivors (11264K)
 Metaspace       used 103195K, capacity 107418K, committed 107656K, reserved 1142784K
  class space    used 13101K, capacity 14446K, committed 14464K, reserved 1048576K
}
Event: 33.777 GC heap after
{Heap after GC invocations=20 (full 0):
 garbage-first heap   total 260096K, used 126513K [0x00000000a0000000, 0x0000000100000000)
  region size 1024K, 5 young (5120K), 5 survivors (5120K)
 Metaspace       used 103195K, capacity 107418K, committed 107656K, reserved 1142784K
  class space    used 13101K, capacity 14446K, committed 14464K, reserved 1048576K
}
Event: 34.585 GC heap before
{Heap before GC invocations=20 (full 0):
 garbage-first heap   total 260096K, used 209457K [0x00000000a0000000, 0x0000000100000000)
  region size 1024K, 87 young (89088K), 5 survivors (5120K)
 Metaspace       used 107123K, capacity 111307K, committed 111496K, reserved 1146880K
  class space    used 13568K, capacity 14902K, committed 14976K, reserved 1048576K
}
Event: 34.593 GC heap after
{Heap after GC invocations=21 (full 0):
 garbage-first heap   total 260096K, used 129013K [0x00000000a0000000, 0x0000000100000000)
  region size 1024K, 7 young (7168K), 7 survivors (7168K)
 Metaspace       used 107123K, capacity 111307K, committed 111496K, reserved 1146880K
  class space    used 13568K, capacity 14902K, committed 14976K, reserved 1048576K
}
Event: 34.914 GC heap before
{Heap before GC invocations=22 (full 0):
 garbage-first heap   total 260096K, used 147445K [0x00000000a0000000, 0x0000000100000000)
  region size 1024K, 26 young (26624K), 7 survivors (7168K)
 Metaspace       used 107648K, capacity 111800K, committed 112392K, reserved 1146880K
  class space    used 13583K, capacity 14904K, committed 15104K, reserved 1048576K
}
Event: 34.922 GC heap after
{Heap after GC invocations=23 (full 0):
 garbage-first heap   total 260096K, used 129558K [0x00000000a0000000, 0x0000000100000000)
  region size 1024K, 7 young (7168K), 7 survivors (7168K)
 Metaspace       used 107648K, capacity 111800K, committed 112392K, reserved 1146880K
  class space    used 13583K, capacity 14904K, committed 15104K, reserved 1048576K
}
Event: 35.266 GC heap before
{Heap before GC invocations=24 (full 0):
 garbage-first heap   total 260096K, used 258582K [0x00000000a0000000, 0x0000000100000000)
  region size 1024K, 39 young (39936K), 7 survivors (7168K)
 Metaspace       used 108016K, capacity 112182K, committed 112648K, reserved 1146880K
  class space    used 13611K, capacity 14915K, committed 15104K, reserved 1048576K
}
Event: 35.275 GC heap after
{Heap after GC invocations=25 (full 0):
 garbage-first heap   total 270336K, used 214454K [0x00000000a0000000, 0x0000000100000000)
  region size 1024K, 8 young (8192K), 8 survivors (8192K)
 Metaspace       used 108016K, capacity 112182K, committed 112648K, reserved 1146880K
  class space    used 13611K, capacity 14915K, committed 15104K, reserved 1048576K
}
Event: 35.385 GC heap before
{Heap before GC invocations=25 (full 0):
 garbage-first heap   total 270336K, used 232886K [0x00000000a0000000, 0x0000000100000000)
  region size 1024K, 28 young (28672K), 8 survivors (8192K)
 Metaspace       used 108109K, capacity 112248K, committed 112648K, reserved 1146880K
  class space    used 13618K, capacity 14915K, committed 15104K, reserved 1048576K
}
Event: 35.393 GC heap after
{Heap after GC invocations=26 (full 0):
 garbage-first heap   total 270336K, used 215865K [0x00000000a0000000, 0x0000000100000000)
  region size 1024K, 2 young (2048K), 2 survivors (2048K)
 Metaspace       used 108109K, capacity 112248K, committed 112648K, reserved 1146880K
  class space    used 13618K, capacity 14915K, committed 15104K, reserved 1048576K
}
Event: 35.623 GC heap before
{Heap before GC invocations=26 (full 0):
 garbage-first heap   total 270336K, used 236345K [0x00000000a0000000, 0x0000000100000000)
  region size 1024K, 24 young (24576K), 2 survivors (2048K)
 Metaspace       used 108203K, capacity 112291K, committed 112904K, reserved 1146880K
  class space    used 13593K, capacity 14858K, committed 15104K, reserved 1048576K
}
Event: 35.627 GC heap after
{Heap after GC invocations=27 (full 0):
 garbage-first heap   total 270336K, used 216501K [0x00000000a0000000, 0x0000000100000000)
  region size 1024K, 3 young (3072K), 3 survivors (3072K)
 Metaspace       used 108203K, capacity 112291K, committed 112904K, reserved 1146880K
  class space    used 13593K, capacity 14858K, committed 15104K, reserved 1048576K
}
Event: 35.959 GC heap before
{Heap before GC invocations=28 (full 0):
 garbage-first heap   total 270336K, used 235957K [0x00000000a0000000, 0x0000000100000000)
  region size 1024K, 24 young (24576K), 3 survivors (3072K)
 Metaspace       used 110638K, capacity 114722K, committed 115208K, reserved 1148928K
  class space    used 13900K, capacity 15193K, committed 15360K, reserved 1048576K
}
Event: 35.962 GC heap after
{Heap after GC invocations=29 (full 0):
 garbage-first heap   total 270336K, used 217467K [0x00000000a0000000, 0x0000000100000000)
  region size 1024K, 3 young (3072K), 3 survivors (3072K)
 Metaspace       used 110638K, capacity 114722K, committed 115208K, reserved 1148928K
  class space    used 13900K, capacity 15193K, committed 15360K, reserved 1048576K
}
Event: 36.236 GC heap before
{Heap before GC invocations=29 (full 0):
 garbage-first heap   total 270336K, used 232827K [0x00000000a0000000, 0x0000000100000000)
  region size 1024K, 20 young (20480K), 3 survivors (3072K)
 Metaspace       used 114444K, capacity 118661K, committed 119048K, reserved 1153024K
  class space    used 14375K, capacity 15721K, committed 15872K, reserved 1048576K
}
Event: 36.242 GC heap after
{Heap after GC invocations=30 (full 0):
 garbage-first heap   total 270336K, used 218729K [0x00000000a0000000, 0x0000000100000000)
  region size 1024K, 3 young (3072K), 3 survivors (3072K)
 Metaspace       used 114444K, capacity 118661K, committed 119048K, reserved 1153024K
  class space    used 14375K, capacity 15721K, committed 15872K, reserved 1048576K
}
Event: 36.644 GC heap before
{Heap before GC invocations=31 (full 0):
 garbage-first heap   total 270336K, used 197225K [0x00000000a0000000, 0x0000000100000000)
  region size 1024K, 21 young (21504K), 3 survivors (3072K)
 Metaspace       used 115053K, capacity 119301K, committed 119560K, reserved 1153024K
  class space    used 14425K, capacity 15783K, committed 15872K, reserved 1048576K
}
Event: 36.650 GC heap after
{Heap after GC invocations=32 (full 0):
 garbage-first heap   total 270336K, used 143492K [0x00000000a0000000, 0x0000000100000000)
  region size 1024K, 3 young (3072K), 3 survivors (3072K)
 Metaspace       used 115053K, capacity 119301K, committed 119560K, reserved 1153024K
  class space    used 14425K, capacity 15783K, committed 15872K, reserved 1048576K
}
Event: 37.475 GC heap before
{Heap before GC invocations=32 (full 0):
 garbage-first heap   total 270336K, used 198788K [0x00000000a0000000, 0x0000000100000000)
  region size 1024K, 59 young (60416K), 3 survivors (3072K)
 Metaspace       used 118460K, capacity 122883K, committed 123016K, reserved 1157120K
  class space    used 14774K, capacity 16165K, committed 16256K, reserved 1048576K
}
Event: 37.487 GC heap after
{Heap after GC invocations=33 (full 0):
 garbage-first heap   total 270336K, used 148676K [0x00000000a0000000, 0x0000000100000000)
  region size 1024K, 9 young (9216K), 9 survivors (9216K)
 Metaspace       used 118460K, capacity 122883K, committed 123016K, reserved 1157120K
  class space    used 14774K, capacity 16165K, committed 16256K, reserved 1048576K
}

